<?xml version="1.0" encoding="UTF-8"?>
<testng-results ignored="0" total="2" passed="2" failed="0" skipped="0">
  <reporter-output>
  </reporter-output>
  <suite started-at="2023-09-08T17:50:00 ICT" name="Suite" finished-at="2023-09-08T17:50:12 ICT" duration-ms="12380">
    <groups>
    </groups>
    <test started-at="2023-09-08T17:50:00 ICT" name="Run with class" finished-at="2023-09-08T17:50:12 ICT" duration-ms="12380">
      <class name="Bai10_AnnotaionTestNG.Login">
        <test-method is-config="true" signature="createBrowser()[pri:0, instance:Bai10_AnnotaionTestNG.Login@53ca01a2]" started-at="2023-09-08T17:50:00 ICT" name="createBrowser" finished-at="2023-09-08T17:50:02 ICT" duration-ms="2207" status="PASS">
          <reporter-output>
          </reporter-output>
        </test-method> <!-- createBrowser -->
        <test-method signature="testlogin()[pri:1, instance:Bai10_AnnotaionTestNG.Login@53ca01a2]" started-at="2023-09-08T17:50:02 ICT" name="testlogin" finished-at="2023-09-08T17:50:07 ICT" duration-ms="4580" status="PASS">
          <reporter-output>
          </reporter-output>
        </test-method> <!-- testlogin -->
        <test-method is-config="true" signature="closeBrowser()[pri:0, instance:Bai10_AnnotaionTestNG.Login@53ca01a2]" started-at="2023-09-08T17:50:07 ICT" name="closeBrowser" finished-at="2023-09-08T17:50:07 ICT" duration-ms="155" status="PASS">
          <reporter-output>
          </reporter-output>
        </test-method> <!-- closeBrowser -->
        <test-method is-config="true" signature="createBrowser()[pri:0, instance:Bai10_AnnotaionTestNG.Login@53ca01a2]" started-at="2023-09-08T17:50:07 ICT" name="createBrowser" finished-at="2023-09-08T17:50:08 ICT" duration-ms="981" status="PASS">
          <reporter-output>
          </reporter-output>
        </test-method> <!-- createBrowser -->
        <test-method signature="testAnhTesterBlog()[pri:2, instance:Bai10_AnnotaionTestNG.Login@53ca01a2]" started-at="2023-09-08T17:50:08 ICT" name="testAnhTesterBlog" finished-at="2023-09-08T17:50:12 ICT" duration-ms="4253" status="PASS">
          <reporter-output>
          </reporter-output>
        </test-method> <!-- testAnhTesterBlog -->
        <test-method is-config="true" signature="closeBrowser()[pri:0, instance:Bai10_AnnotaionTestNG.Login@53ca01a2]" started-at="2023-09-08T17:50:12 ICT" name="closeBrowser" finished-at="2023-09-08T17:50:12 ICT" duration-ms="172" status="PASS">
          <reporter-output>
          </reporter-output>
        </test-method> <!-- closeBrowser -->
      </class> <!-- Bai10_AnnotaionTestNG.Login -->
    </test> <!-- Run with class -->
  </suite> <!-- Suite -->
</testng-results>
